Determining if the Q_WS_WIN exist failed with the following output:
Change Dir: /home/yurisa2/fuzzylite/qtfuzzylite/CMakeFiles/CMakeTmp

Run Build Command:/usr/bin/make "cmTryCompileExec1370053861/fast"
/usr/bin/make -f CMakeFiles/cmTryCompileExec1370053861.dir/build.make CMakeFiles/cmTryCompileExec1370053861.dir/build
make[1]: Entering directory `/home/yurisa2/fuzzylite/qtfuzzylite/CMakeFiles/CMakeTmp'
/usr/bin/cmake -E cmake_progress_report /home/yurisa2/fuzzylite/qtfuzzylite/CMakeFiles/CMakeTmp/CMakeFiles 1
Building CXX object CMakeFiles/cmTryCompileExec1370053861.dir/CheckSymbolExists.cxx.o
/usr/bin/c++    -I/usr/include/qt4    -o CMakeFiles/cmTryCompileExec1370053861.dir/CheckSymbolExists.cxx.o -c /home/yurisa2/fuzzylite/qtfuzzylite/CMakeFiles/CMakeTmp/CheckSymbolExists.cxx
/home/yurisa2/fuzzylite/qtfuzzylite/CMakeFiles/CMakeTmp/CheckSymbolExists.cxx: In function ‘int main(int, char**)’:
/home/yurisa2/fuzzylite/qtfuzzylite/CMakeFiles/CMakeTmp/CheckSymbolExists.cxx:8:19: error: ‘Q_WS_WIN’ was not declared in this scope
make[1]: Leaving directory `/home/yurisa2/fuzzylite/qtfuzzylite/CMakeFiles/CMakeTmp'
make[1]: *** [CMakeFiles/cmTryCompileExec1370053861.dir/CheckSymbolExists.cxx.o] Error 1
make: *** [cmTryCompileExec1370053861/fast] Error 2

File /home/yurisa2/fuzzylite/qtfuzzylite/CMakeFiles/CMakeTmp/CheckSymbolExists.cxx:
/* */
#include <QtCore/qglobal.h>

int main(int argc, char** argv)
{
  (void)argv;
#ifndef Q_WS_WIN
  return ((int*)(&Q_WS_WIN))[argc];
#else
  (void)argc;
  return 0;
#endif
}

Determining if the Q_WS_QWS exist failed with the following output:
Change Dir: /home/yurisa2/fuzzylite/qtfuzzylite/CMakeFiles/CMakeTmp

Run Build Command:/usr/bin/make "cmTryCompileExec1018452021/fast"
/usr/bin/make -f CMakeFiles/cmTryCompileExec1018452021.dir/build.make CMakeFiles/cmTryCompileExec1018452021.dir/build
make[1]: Entering directory `/home/yurisa2/fuzzylite/qtfuzzylite/CMakeFiles/CMakeTmp'
/usr/bin/cmake -E cmake_progress_report /home/yurisa2/fuzzylite/qtfuzzylite/CMakeFiles/CMakeTmp/CMakeFiles 1
Building CXX object CMakeFiles/cmTryCompileExec1018452021.dir/CheckSymbolExists.cxx.o
/usr/bin/c++    -I/usr/include/qt4    -o CMakeFiles/cmTryCompileExec1018452021.dir/CheckSymbolExists.cxx.o -c /home/yurisa2/fuzzylite/qtfuzzylite/CMakeFiles/CMakeTmp/CheckSymbolExists.cxx
/home/yurisa2/fuzzylite/qtfuzzylite/CMakeFiles/CMakeTmp/CheckSymbolExists.cxx: In function ‘int main(int, char**)’:
/home/yurisa2/fuzzylite/qtfuzzylite/CMakeFiles/CMakeTmp/CheckSymbolExists.cxx:8:19: error: ‘Q_WS_QWS’ was not declared in this scope
make[1]: Leaving directory `/home/yurisa2/fuzzylite/qtfuzzylite/CMakeFiles/CMakeTmp'
make[1]: *** [CMakeFiles/cmTryCompileExec1018452021.dir/CheckSymbolExists.cxx.o] Error 1
make: *** [cmTryCompileExec1018452021/fast] Error 2

File /home/yurisa2/fuzzylite/qtfuzzylite/CMakeFiles/CMakeTmp/CheckSymbolExists.cxx:
/* */
#include <QtCore/qglobal.h>

int main(int argc, char** argv)
{
  (void)argv;
#ifndef Q_WS_QWS
  return ((int*)(&Q_WS_QWS))[argc];
#else
  (void)argc;
  return 0;
#endif
}

Determining if the Q_WS_MAC exist failed with the following output:
Change Dir: /home/yurisa2/fuzzylite/qtfuzzylite/CMakeFiles/CMakeTmp

Run Build Command:/usr/bin/make "cmTryCompileExec432394067/fast"
/usr/bin/make -f CMakeFiles/cmTryCompileExec432394067.dir/build.make CMakeFiles/cmTryCompileExec432394067.dir/build
make[1]: Entering directory `/home/yurisa2/fuzzylite/qtfuzzylite/CMakeFiles/CMakeTmp'
/usr/bin/cmake -E cmake_progress_report /home/yurisa2/fuzzylite/qtfuzzylite/CMakeFiles/CMakeTmp/CMakeFiles 1
Building CXX object CMakeFiles/cmTryCompileExec432394067.dir/CheckSymbolExists.cxx.o
/usr/bin/c++    -I/usr/include/qt4    -o CMakeFiles/cmTryCompileExec432394067.dir/CheckSymbolExists.cxx.o -c /home/yurisa2/fuzzylite/qtfuzzylite/CMakeFiles/CMakeTmp/CheckSymbolExists.cxx
/home/yurisa2/fuzzylite/qtfuzzylite/CMakeFiles/CMakeTmp/CheckSymbolExists.cxx: In function ‘int main(int, char**)’:
/home/yurisa2/fuzzylite/qtfuzzylite/CMakeFiles/CMakeTmp/CheckSymbolExists.cxx:8:19: error: ‘Q_WS_MAC’ was not declared in this scope
make[1]: Leaving directory `/home/yurisa2/fuzzylite/qtfuzzylite/CMakeFiles/CMakeTmp'
make[1]: *** [CMakeFiles/cmTryCompileExec432394067.dir/CheckSymbolExists.cxx.o] Error 1
make: *** [cmTryCompileExec432394067/fast] Error 2

File /home/yurisa2/fuzzylite/qtfuzzylite/CMakeFiles/CMakeTmp/CheckSymbolExists.cxx:
/* */
#include <QtCore/qglobal.h>

int main(int argc, char** argv)
{
  (void)argv;
#ifndef Q_WS_MAC
  return ((int*)(&Q_WS_MAC))[argc];
#else
  (void)argc;
  return 0;
#endif
}

